2020/03/09 16:04:17	This log contains information about the import schema operation into project 'MAM.Database' on computer 'CALVINMOGODI' by user 'calvin.mogodi'.
2020/03/09 16:04:17	Import of database schema has started.
2020/03/09 16:04:21	Gathering database credentials
2020/03/09 16:04:21	Gathering database options
2020/03/09 16:04:21	Gathering generic database scoped configuration option
2020/03/09 16:04:21	Gathering users
2020/03/09 16:04:21	Gathering roles
2020/03/09 16:04:21	Gathering application roles
2020/03/09 16:04:21	Gathering role memberships
2020/03/09 16:04:22	Gathering filegroups
2020/03/09 16:04:22	Gathering full-text catalogs
2020/03/09 16:04:22	Gathering assemblies
2020/03/09 16:04:22	Gathering certificates
2020/03/09 16:04:22	Gathering asymmetric keys
2020/03/09 16:04:22	Gathering symmetric keys
2020/03/09 16:04:22	Gathering encrypted symmetric keys
2020/03/09 16:04:22	Gathering schemas
2020/03/09 16:04:22	Gathering XML schema collections
2020/03/09 16:04:22	Gathering user-defined data types
2020/03/09 16:04:22	Gathering user-defined types
2020/03/09 16:04:22	Gathering table types
2020/03/09 16:04:22	Gathering unique keys for table types
2020/03/09 16:04:22	Gathering primary keys for table types
2020/03/09 16:04:22	Gathering indexes for table types
2020/03/09 16:04:22	Gathering check constraints for table types
2020/03/09 16:04:22	Gathering default constraints for table types
2020/03/09 16:04:22	Gathering partition functions
2020/03/09 16:04:22	Gathering partition schemes
2020/03/09 16:04:22	Gathering functions
2020/03/09 16:04:22	Gathering encrypted functions
2020/03/09 16:04:22	Gathering aggregates
2020/03/09 16:04:22	Gathering procedures
2020/03/09 16:04:22	Gathering encrypted procedures
2020/03/09 16:04:22	Gathering tables
2020/03/09 16:04:22	Gathering primary keys
2020/03/09 16:04:22	Gathering unique constraints
2020/03/09 16:04:22	Gathering foreign keys
2020/03/09 16:04:22	Gathering default constraints
2020/03/09 16:04:22	Gathering check constraints
2020/03/09 16:04:22	Gathering views
2020/03/09 16:04:22	Gathering encrypted views
2020/03/09 16:04:22	Gathering indexes
2020/03/09 16:04:22	Gathering statistics
2020/03/09 16:04:22	Gathering full-text index stoplists
2020/03/09 16:04:22	Gathering search property lists
2020/03/09 16:04:22	Gathering search properties
2020/03/09 16:04:22	Gathering full-text indexes
2020/03/09 16:04:22	Gathering column store indexes
2020/03/09 16:04:22	Gathering spatial indexes
2020/03/09 16:04:22	Gathering XML indexes
2020/03/09 16:04:22	Gathering Selective XML indexes
2020/03/09 16:04:22	Gathering encrypted triggers
2020/03/09 16:04:22	Gathering triggers
2020/03/09 16:04:22	Gathering encrypted and clr ddl triggers
2020/03/09 16:04:22	Gathering ddl triggers
2020/03/09 16:04:22	Gathering synonyms
2020/03/09 16:04:22	Gathering defaults
2020/03/09 16:04:22	Gathering data constraint uddt bindings
2020/03/09 16:04:22	Gathering rules
2020/03/09 16:04:22	Gathering data constraint uddt bindings
2020/03/09 16:04:22	Gathering message types
2020/03/09 16:04:22	Gathering queues
2020/03/09 16:04:22	Gathering contracts
2020/03/09 16:04:22	Gathering services
2020/03/09 16:04:22	Gathering event notifications
2020/03/09 16:04:22	Gathering remote service bindings
2020/03/09 16:04:22	Gathering broker priorities
2020/03/09 16:04:22	Gathering signatures
2020/03/09 16:04:22	Gathering data compression options
2020/03/09 16:04:22	Gathering sequence types
2020/03/09 16:04:22	Gathering security policies
2020/03/09 16:04:22	Gather column encryption keys
2020/03/09 16:04:22	Gathering column master keys
2020/03/09 16:04:22	Gathering external data sources
2020/03/09 16:04:22	Gathering external file formats
2020/03/09 16:04:22	Gathering external tables
2020/03/09 16:04:22	Gathering extended properties
2020/03/09 16:04:22	Gathering credentials
2020/03/09 16:04:22	Gathering logins
2020/03/09 16:04:22	Gathering server audits
2020/03/09 16:04:23	Scanning project for duplicate elements
2020/03/09 16:04:23	Finished duplicate element processing
2020/03/09 16:04:23	Finished importing database.
2020/03/09 16:04:23	A summary of the import was saved to the following location: C:\Users\calvin.mogodi\Documents\Mogz Group\Customers\Mpumalanga Province\Web Applications\MpumalangaAssetManagement\MAM.Database\Import Schema Logs\MAM.Database_20200309020417.log
2020/03/09 16:04:23	Click Finish to continue...
